2023-07-08 16:22:32,580:WARNING:
'cuml' is a soft dependency and not included in the pycaret installation. Please run: `pip install cuml` to install.
2023-07-08 16:22:32,580:WARNING:
'cuml' is a soft dependency and not included in the pycaret installation. Please run: `pip install cuml` to install.
2023-07-08 16:22:32,580:WARNING:
'cuml' is a soft dependency and not included in the pycaret installation. Please run: `pip install cuml` to install.
2023-07-08 16:22:32,580:WARNING:
'cuml' is a soft dependency and not included in the pycaret installation. Please run: `pip install cuml` to install.
2023-07-08 16:22:32,581:WARNING:
'cuml' is a soft dependency and not included in the pycaret installation. Please run: `pip install cuml` to install.
2023-07-08 16:22:32,582:WARNING:
'cuml' is a soft dependency and not included in the pycaret installation. Please run: `pip install cuml` to install.
2023-07-08 16:22:32,582:WARNING:
'cuml' is a soft dependency and not included in the pycaret installation. Please run: `pip install cuml` to install.
2023-07-08 16:22:32,582:WARNING:
'cuml' is a soft dependency and not included in the pycaret installation. Please run: `pip install cuml` to install.
2023-07-08 16:24:23,897:INFO:PyCaret RegressionExperiment
2023-07-08 16:24:23,897:INFO:Logging name: reg-default-name
2023-07-08 16:24:23,897:INFO:ML Usecase: MLUsecase.REGRESSION
2023-07-08 16:24:23,897:INFO:version 3.0.4
2023-07-08 16:24:23,897:INFO:Initializing setup()
2023-07-08 16:24:23,897:INFO:self.USI: a7bc
2023-07-08 16:24:23,897:INFO:self._variable_keys: {'gpu_param', 'seed', 'pipeline', 'exp_name_log', 'fold_groups_param', 'exp_id', 'logging_param', 'X_train', 'n_jobs_param', 'idx', 'fold_generator', 'X', '_available_plots', 'X_test', 'USI', 'target_param', 'fold_shuffle_param', 'transform_target_param', 'gpu_n_jobs_param', 'data', '_ml_usecase', 'html_param', 'y_train', 'log_plots_param', 'y', 'y_test', 'memory'}
2023-07-08 16:24:23,897:INFO:Checking environment
2023-07-08 16:24:23,897:INFO:python_version: 3.9.13
2023-07-08 16:24:23,898:INFO:python_build: ('tags/v3.9.13:6de2ca5', 'May 17 2022 16:36:42')
2023-07-08 16:24:23,898:INFO:machine: AMD64
2023-07-08 16:24:23,927:INFO:platform: Windows-10-10.0.22621-SP0
2023-07-08 16:24:23,946:INFO:Memory: svmem(total=16572981248, available=1440620544, percent=91.3, used=15132360704, free=1440620544)
2023-07-08 16:24:23,946:INFO:Physical Core: 4
2023-07-08 16:24:23,946:INFO:Logical Core: 8
2023-07-08 16:24:23,946:INFO:Checking libraries
2023-07-08 16:24:23,946:INFO:System:
2023-07-08 16:24:23,946:INFO:    python: 3.9.13 (tags/v3.9.13:6de2ca5, May 17 2022, 16:36:42) [MSC v.1929 64 bit (AMD64)]
2023-07-08 16:24:23,946:INFO:executable: C:\Users\imvee\AppData\Local\Microsoft\WindowsApps\PythonSoftwareFoundation.Python.3.9_qbz5n2kfra8p0\python.exe
2023-07-08 16:24:23,946:INFO:   machine: Windows-10-10.0.22621-SP0
2023-07-08 16:24:23,946:INFO:PyCaret required dependencies:
2023-07-08 16:24:23,954:INFO:                 pip: 22.0.4
2023-07-08 16:24:23,954:INFO:          setuptools: 58.1.0
2023-07-08 16:24:23,955:INFO:             pycaret: 3.0.4
2023-07-08 16:24:23,955:INFO:             IPython: 7.25.0
2023-07-08 16:24:23,955:INFO:          ipywidgets: 8.0.7
2023-07-08 16:24:23,955:INFO:                tqdm: 4.65.0
2023-07-08 16:24:23,955:INFO:               numpy: 1.22.4
2023-07-08 16:24:23,955:INFO:              pandas: 2.0.3
2023-07-08 16:24:23,955:INFO:              jinja2: 3.0.1
2023-07-08 16:24:23,955:INFO:               scipy: 1.10.1
2023-07-08 16:24:23,955:INFO:              joblib: 1.3.1
2023-07-08 16:24:23,956:INFO:             sklearn: 0.24.2
2023-07-08 16:24:23,956:INFO:                pyod: 1.1.0
2023-07-08 16:24:23,956:INFO:            imblearn: 0.10.1
2023-07-08 16:24:23,956:INFO:   category_encoders: 2.6.1
2023-07-08 16:24:23,956:INFO:            lightgbm: 3.3.3
2023-07-08 16:24:23,956:INFO:               numba: 0.57.1
2023-07-08 16:24:23,956:INFO:            requests: 2.28.1
2023-07-08 16:24:23,956:INFO:          matplotlib: 3.4.2
2023-07-08 16:24:23,956:INFO:          scikitplot: 0.3.7
2023-07-08 16:24:23,956:INFO:         yellowbrick: 1.5
2023-07-08 16:24:23,957:INFO:              plotly: 5.15.0
2023-07-08 16:24:23,957:INFO:    plotly-resampler: Not installed
2023-07-08 16:24:23,957:INFO:             kaleido: 0.2.1
2023-07-08 16:24:23,957:INFO:           schemdraw: 0.15
2023-07-08 16:24:23,957:INFO:         statsmodels: 0.14.0
2023-07-08 16:24:23,957:INFO:              sktime: 0.20.0
2023-07-08 16:24:23,957:INFO:               tbats: 1.1.3
2023-07-08 16:24:23,957:INFO:            pmdarima: 2.0.3
2023-07-08 16:24:23,957:INFO:              psutil: 5.9.5
2023-07-08 16:24:23,957:INFO:          markupsafe: 2.1.1
2023-07-08 16:24:23,957:INFO:             pickle5: Not installed
2023-07-08 16:24:23,957:INFO:         cloudpickle: 2.2.1
2023-07-08 16:24:23,957:INFO:         deprecation: 2.1.0
2023-07-08 16:24:23,957:INFO:              xxhash: 3.2.0
2023-07-08 16:24:23,957:INFO:           wurlitzer: Not installed
2023-07-08 16:24:23,958:INFO:PyCaret optional dependencies:
2023-07-08 16:24:23,999:INFO:                shap: Not installed
2023-07-08 16:24:23,999:INFO:           interpret: 0.4.2
2023-07-08 16:24:23,999:INFO:                umap: Not installed
2023-07-08 16:24:23,999:INFO:    pandas_profiling: 4.3.1
2023-07-08 16:24:23,999:INFO:  explainerdashboard: Not installed
2023-07-08 16:24:23,999:INFO:             autoviz: Not installed
2023-07-08 16:24:23,999:INFO:           fairlearn: Not installed
2023-07-08 16:24:23,999:INFO:          deepchecks: Not installed
2023-07-08 16:24:23,999:INFO:             xgboost: 1.7.2
2023-07-08 16:24:23,999:INFO:            catboost: Not installed
2023-07-08 16:24:23,999:INFO:              kmodes: Not installed
2023-07-08 16:24:23,999:INFO:             mlxtend: Not installed
2023-07-08 16:24:23,999:INFO:       statsforecast: Not installed
2023-07-08 16:24:23,999:INFO:        tune_sklearn: Not installed
2023-07-08 16:24:23,999:INFO:                 ray: Not installed
2023-07-08 16:24:23,999:INFO:            hyperopt: Not installed
2023-07-08 16:24:23,999:INFO:              optuna: Not installed
2023-07-08 16:24:24,000:INFO:               skopt: Not installed
2023-07-08 16:24:24,000:INFO:              mlflow: Not installed
2023-07-08 16:24:24,000:INFO:              gradio: Not installed
2023-07-08 16:24:24,000:INFO:             fastapi: Not installed
2023-07-08 16:24:24,000:INFO:             uvicorn: Not installed
2023-07-08 16:24:24,000:INFO:              m2cgen: Not installed
2023-07-08 16:24:24,000:INFO:           evidently: Not installed
2023-07-08 16:24:24,000:INFO:               fugue: Not installed
2023-07-08 16:24:24,000:INFO:           streamlit: 1.24.0
2023-07-08 16:24:24,000:INFO:             prophet: Not installed
2023-07-08 16:24:24,001:INFO:None
2023-07-08 16:24:24,001:INFO:Set up data.
2023-07-08 16:24:24,009:INFO:Set up train/test split.
2023-07-08 16:24:24,016:INFO:Set up index.
2023-07-08 16:24:24,017:INFO:Set up folding strategy.
2023-07-08 16:24:24,017:INFO:Assigning column types.
2023-07-08 16:24:24,023:INFO:Engine successfully changes for model 'lr' to 'sklearn'.
2023-07-08 16:24:24,023:INFO:Engine for model 'lasso' has not been set explicitly, hence returning None.
2023-07-08 16:24:24,030:INFO:Engine for model 'ridge' has not been set explicitly, hence returning None.
2023-07-08 16:24:24,037:INFO:Engine for model 'en' has not been set explicitly, hence returning None.
2023-07-08 16:24:24,141:INFO:Engine for model 'svm' has not been set explicitly, hence returning None.
2023-07-08 16:24:24,208:INFO:Engine for model 'knn' has not been set explicitly, hence returning None.
2023-07-08 16:24:24,210:INFO:Soft dependency imported: xgboost: 1.7.2
2023-07-08 16:24:24,705:WARNING:
'catboost' is a soft dependency and not included in the pycaret installation. Please run: `pip install catboost` to install.
Alternately, you can install this by running `pip install pycaret[models]`
2023-07-08 16:24:24,706:INFO:Engine for model 'lasso' has not been set explicitly, hence returning None.
2023-07-08 16:24:24,712:INFO:Engine for model 'ridge' has not been set explicitly, hence returning None.
2023-07-08 16:24:24,719:INFO:Engine for model 'en' has not been set explicitly, hence returning None.
2023-07-08 16:24:24,801:INFO:Engine for model 'svm' has not been set explicitly, hence returning None.
2023-07-08 16:24:24,865:INFO:Engine for model 'knn' has not been set explicitly, hence returning None.
2023-07-08 16:24:24,866:INFO:Soft dependency imported: xgboost: 1.7.2
2023-07-08 16:24:24,870:WARNING:
'catboost' is a soft dependency and not included in the pycaret installation. Please run: `pip install catboost` to install.
Alternately, you can install this by running `pip install pycaret[models]`
2023-07-08 16:24:24,871:INFO:Engine successfully changes for model 'lasso' to 'sklearn'.
2023-07-08 16:24:24,877:INFO:Engine for model 'ridge' has not been set explicitly, hence returning None.
2023-07-08 16:24:24,883:INFO:Engine for model 'en' has not been set explicitly, hence returning None.
2023-07-08 16:24:24,968:INFO:Engine for model 'svm' has not been set explicitly, hence returning None.
2023-07-08 16:24:25,032:INFO:Engine for model 'knn' has not been set explicitly, hence returning None.
2023-07-08 16:24:25,032:INFO:Soft dependency imported: xgboost: 1.7.2
2023-07-08 16:24:25,037:WARNING:
'catboost' is a soft dependency and not included in the pycaret installation. Please run: `pip install catboost` to install.
Alternately, you can install this by running `pip install pycaret[models]`
2023-07-08 16:24:25,044:INFO:Engine for model 'ridge' has not been set explicitly, hence returning None.
2023-07-08 16:24:25,050:INFO:Engine for model 'en' has not been set explicitly, hence returning None.
2023-07-08 16:24:25,132:INFO:Engine for model 'svm' has not been set explicitly, hence returning None.
2023-07-08 16:24:25,197:INFO:Engine for model 'knn' has not been set explicitly, hence returning None.
2023-07-08 16:24:25,198:INFO:Soft dependency imported: xgboost: 1.7.2
2023-07-08 16:24:25,201:WARNING:
'catboost' is a soft dependency and not included in the pycaret installation. Please run: `pip install catboost` to install.
Alternately, you can install this by running `pip install pycaret[models]`
2023-07-08 16:24:25,202:INFO:Engine successfully changes for model 'ridge' to 'sklearn'.
2023-07-08 16:24:25,216:INFO:Engine for model 'en' has not been set explicitly, hence returning None.
2023-07-08 16:24:25,294:INFO:Engine for model 'svm' has not been set explicitly, hence returning None.
2023-07-08 16:24:25,357:INFO:Engine for model 'knn' has not been set explicitly, hence returning None.
2023-07-08 16:24:25,358:INFO:Soft dependency imported: xgboost: 1.7.2
2023-07-08 16:24:25,361:WARNING:
'catboost' is a soft dependency and not included in the pycaret installation. Please run: `pip install catboost` to install.
Alternately, you can install this by running `pip install pycaret[models]`
2023-07-08 16:24:25,375:INFO:Engine for model 'en' has not been set explicitly, hence returning None.
2023-07-08 16:24:25,461:INFO:Engine for model 'svm' has not been set explicitly, hence returning None.
2023-07-08 16:24:25,526:INFO:Engine for model 'knn' has not been set explicitly, hence returning None.
2023-07-08 16:24:25,527:INFO:Soft dependency imported: xgboost: 1.7.2
2023-07-08 16:24:25,530:WARNING:
'catboost' is a soft dependency and not included in the pycaret installation. Please run: `pip install catboost` to install.
Alternately, you can install this by running `pip install pycaret[models]`
2023-07-08 16:24:25,530:INFO:Engine successfully changes for model 'en' to 'sklearn'.
2023-07-08 16:24:25,624:INFO:Engine for model 'svm' has not been set explicitly, hence returning None.
2023-07-08 16:24:25,687:INFO:Engine for model 'knn' has not been set explicitly, hence returning None.
2023-07-08 16:24:25,688:INFO:Soft dependency imported: xgboost: 1.7.2
2023-07-08 16:24:25,692:WARNING:
'catboost' is a soft dependency and not included in the pycaret installation. Please run: `pip install catboost` to install.
Alternately, you can install this by running `pip install pycaret[models]`
2023-07-08 16:24:25,782:INFO:Engine for model 'svm' has not been set explicitly, hence returning None.
2023-07-08 16:24:25,846:INFO:Engine for model 'knn' has not been set explicitly, hence returning None.
2023-07-08 16:24:25,846:INFO:Soft dependency imported: xgboost: 1.7.2
2023-07-08 16:24:25,849:WARNING:
'catboost' is a soft dependency and not included in the pycaret installation. Please run: `pip install catboost` to install.
Alternately, you can install this by running `pip install pycaret[models]`
2023-07-08 16:24:25,850:INFO:Engine successfully changes for model 'knn' to 'sklearn'.
2023-07-08 16:24:25,939:INFO:Engine for model 'svm' has not been set explicitly, hence returning None.
2023-07-08 16:24:26,000:INFO:Soft dependency imported: xgboost: 1.7.2
2023-07-08 16:24:26,004:WARNING:
'catboost' is a soft dependency and not included in the pycaret installation. Please run: `pip install catboost` to install.
Alternately, you can install this by running `pip install pycaret[models]`
2023-07-08 16:24:26,094:INFO:Engine for model 'svm' has not been set explicitly, hence returning None.
2023-07-08 16:24:26,158:INFO:Soft dependency imported: xgboost: 1.7.2
2023-07-08 16:24:26,162:WARNING:
'catboost' is a soft dependency and not included in the pycaret installation. Please run: `pip install catboost` to install.
Alternately, you can install this by running `pip install pycaret[models]`
2023-07-08 16:24:26,163:INFO:Engine successfully changes for model 'svm' to 'sklearn'.
2023-07-08 16:24:26,317:INFO:Soft dependency imported: xgboost: 1.7.2
2023-07-08 16:24:26,320:WARNING:
'catboost' is a soft dependency and not included in the pycaret installation. Please run: `pip install catboost` to install.
Alternately, you can install this by running `pip install pycaret[models]`
2023-07-08 16:24:26,481:INFO:Soft dependency imported: xgboost: 1.7.2
2023-07-08 16:24:26,485:WARNING:
'catboost' is a soft dependency and not included in the pycaret installation. Please run: `pip install catboost` to install.
Alternately, you can install this by running `pip install pycaret[models]`
2023-07-08 16:24:26,491:INFO:Preparing preprocessing pipeline...
2023-07-08 16:24:26,491:INFO:Set up simple imputation.
2023-07-08 16:24:26,492:INFO:Set up column name cleaning.
2023-07-08 16:24:26,536:INFO:Finished creating preprocessing pipeline.
2023-07-08 16:24:26,557:INFO:Pipeline: Pipeline(memory=FastMemory(location=C:\Users\imvee\AppData\Local\Temp\joblib),
         steps=[('numerical_imputer',
                 TransformerWrapper(include=['volatile acidity', 'citric acid',
                                             'residual sugar', 'chlorides',
                                             'free sulfur dioxide',
                                             'total sulfur dioxide', 'density',
                                             'pH', 'sulphates', 'alcohol',
                                             'quality'],
                                    transformer=SimpleImputer())),
                ('categorical_imputer',
                 TransformerWrapper(include=[],
                                    transformer=SimpleImputer(strategy='most_frequent'))),
                ('clean_column_names',
                 TransformerWrapper(transformer=CleanColumnNames()))])
2023-07-08 16:24:26,557:INFO:Creating final display dataframe.
2023-07-08 16:24:26,678:INFO:Setup _display_container:                     Description             Value
0                    Session id              4931
1                        Target     fixed acidity
2                   Target type        Regression
3           Original data shape        (1599, 12)
4        Transformed data shape        (1599, 12)
5   Transformed train set shape        (1119, 12)
6    Transformed test set shape         (480, 12)
7              Numeric features                11
8                    Preprocess              True
9               Imputation type            simple
10           Numeric imputation              mean
11       Categorical imputation              mode
12               Fold Generator             KFold
13                  Fold Number                10
14                     CPU Jobs                -1
15                      Use GPU             False
16               Log Experiment             False
17              Experiment Name  reg-default-name
18                          USI              a7bc
2023-07-08 16:24:26,931:INFO:Soft dependency imported: xgboost: 1.7.2
2023-07-08 16:24:26,935:WARNING:
'catboost' is a soft dependency and not included in the pycaret installation. Please run: `pip install catboost` to install.
Alternately, you can install this by running `pip install pycaret[models]`
2023-07-08 16:24:27,112:INFO:Soft dependency imported: xgboost: 1.7.2
2023-07-08 16:24:27,116:WARNING:
'catboost' is a soft dependency and not included in the pycaret installation. Please run: `pip install catboost` to install.
Alternately, you can install this by running `pip install pycaret[models]`
2023-07-08 16:24:27,117:INFO:setup() successfully completed in 3.23s...............
2023-07-08 16:24:27,134:INFO:Initializing compare_models()
2023-07-08 16:24:27,134:INFO:compare_models(self=<pycaret.regression.oop.RegressionExperiment object at 0x000001BCE3A089D0>, include=None, fold=None, round=4, cross_validation=True, sort=R2, n_select=1, budget_time=None, turbo=True, errors=ignore, fit_kwargs=None, groups=None, experiment_custom_tags=None, probability_threshold=None, verbose=True, parallel=None, caller_params={'self': <pycaret.regression.oop.RegressionExperiment object at 0x000001BCE3A089D0>, 'include': None, 'exclude': None, 'fold': None, 'round': 4, 'cross_validation': True, 'sort': 'R2', 'n_select': 1, 'budget_time': None, 'turbo': True, 'errors': 'ignore', 'fit_kwargs': None, 'groups': None, 'experiment_custom_tags': None, 'engine': None, 'verbose': True, 'parallel': None, '__class__': <class 'pycaret.regression.oop.RegressionExperiment'>}, exclude=None)
2023-07-08 16:24:27,134:INFO:Checking exceptions
2023-07-08 16:24:27,140:INFO:Preparing display monitor
2023-07-08 16:24:27,145:INFO:Initializing Linear Regression
2023-07-08 16:24:27,145:INFO:Total runtime is 0.0 minutes
2023-07-08 16:24:27,146:INFO:SubProcess create_model() called ==================================
2023-07-08 16:24:27,146:INFO:Initializing create_model()
2023-07-08 16:24:27,147:INFO:create_model(self=<pycaret.regression.oop.RegressionExperiment object at 0x000001BCE3A089D0>, estimator=lr, fold=KFold(n_splits=10, random_state=None, shuffle=False), round=4, cross_validation=True, predict=True, fit_kwargs={}, groups=None, refit=False, probability_threshold=None, experiment_custom_tags=None, verbose=False, system=False, add_to_model_list=True, metrics=None, display=<pycaret.internal.display.display.CommonDisplay object at 0x000001BCE5C74EE0>, model_only=True, return_train_score=False, kwargs={})
2023-07-08 16:24:27,147:INFO:Checking exceptions
2023-07-08 16:24:27,147:INFO:Importing libraries
2023-07-08 16:24:27,147:INFO:Copying training dataset
2023-07-08 16:24:27,162:INFO:Defining folds
2023-07-08 16:24:27,162:INFO:Declaring metric variables
2023-07-08 16:24:27,163:INFO:Importing untrained model
2023-07-08 16:24:27,163:INFO:Linear Regression Imported successfully
2023-07-08 16:24:27,163:INFO:Starting cross validation
2023-07-08 16:24:27,259:INFO:Cross validating with KFold(n_splits=10, random_state=None, shuffle=False), n_jobs=-1
2023-07-08 16:24:30,162:INFO:Sourcedata
2023-07-08 16:24:30,179:INFO:PyCaret RegressionExperiment
2023-07-08 16:24:30,180:INFO:Logging name: reg-default-name
2023-07-08 16:24:30,180:INFO:ML Usecase: MLUsecase.REGRESSION
2023-07-08 16:24:30,180:INFO:version 3.0.4
2023-07-08 16:24:30,180:INFO:Initializing setup()
2023-07-08 16:24:30,181:INFO:self.USI: 9be9
2023-07-08 16:24:30,181:INFO:self._variable_keys: {'gpu_param', 'seed', 'pipeline', 'exp_name_log', 'fold_groups_param', 'exp_id', 'logging_param', 'X_train', 'n_jobs_param', 'idx', 'fold_generator', 'X', '_available_plots', 'X_test', 'USI', 'target_param', 'fold_shuffle_param', 'transform_target_param', 'gpu_n_jobs_param', 'data', '_ml_usecase', 'html_param', 'y_train', 'log_plots_param', 'y', 'y_test', 'memory'}
2023-07-08 16:24:30,181:INFO:Checking environment
2023-07-08 16:24:30,181:INFO:python_version: 3.9.13
2023-07-08 16:24:30,182:INFO:python_build: ('tags/v3.9.13:6de2ca5', 'May 17 2022 16:36:42')
2023-07-08 16:24:30,182:INFO:machine: AMD64
2023-07-08 16:24:30,183:INFO:platform: Windows-10-10.0.22621-SP0
2023-07-08 16:24:30,206:INFO:Memory: svmem(total=16572981248, available=986685440, percent=94.0, used=15586295808, free=986685440)
2023-07-08 16:24:30,206:INFO:Physical Core: 4
2023-07-08 16:24:30,207:INFO:Logical Core: 8
2023-07-08 16:24:30,207:INFO:Checking libraries
2023-07-08 16:24:30,207:INFO:System:
2023-07-08 16:24:30,207:INFO:    python: 3.9.13 (tags/v3.9.13:6de2ca5, May 17 2022, 16:36:42) [MSC v.1929 64 bit (AMD64)]
2023-07-08 16:24:30,207:INFO:executable: C:\Users\imvee\AppData\Local\Microsoft\WindowsApps\PythonSoftwareFoundation.Python.3.9_qbz5n2kfra8p0\python.exe
2023-07-08 16:24:30,207:INFO:   machine: Windows-10-10.0.22621-SP0
2023-07-08 16:24:30,208:INFO:PyCaret required dependencies:
2023-07-08 16:24:30,208:INFO:                 pip: 22.0.4
2023-07-08 16:24:30,208:INFO:          setuptools: 58.1.0
2023-07-08 16:24:30,209:INFO:             pycaret: 3.0.4
2023-07-08 16:24:30,209:INFO:             IPython: 7.25.0
2023-07-08 16:24:30,209:INFO:          ipywidgets: 8.0.7
2023-07-08 16:24:30,209:INFO:                tqdm: 4.65.0
2023-07-08 16:24:30,209:INFO:               numpy: 1.22.4
2023-07-08 16:24:30,210:INFO:              pandas: 2.0.3
2023-07-08 16:24:30,210:INFO:              jinja2: 3.0.1
2023-07-08 16:24:30,210:INFO:               scipy: 1.10.1
2023-07-08 16:24:30,210:INFO:              joblib: 1.3.1
2023-07-08 16:24:30,211:INFO:             sklearn: 0.24.2
2023-07-08 16:24:30,211:INFO:                pyod: 1.1.0
2023-07-08 16:24:30,211:INFO:            imblearn: 0.10.1
2023-07-08 16:24:30,211:INFO:   category_encoders: 2.6.1
2023-07-08 16:24:30,212:INFO:            lightgbm: 3.3.3
2023-07-08 16:24:30,212:INFO:               numba: 0.57.1
2023-07-08 16:24:30,212:INFO:            requests: 2.28.1
2023-07-08 16:24:30,212:INFO:          matplotlib: 3.4.2
2023-07-08 16:24:30,212:INFO:          scikitplot: 0.3.7
2023-07-08 16:24:30,213:INFO:         yellowbrick: 1.5
2023-07-08 16:24:30,213:INFO:              plotly: 5.15.0
2023-07-08 16:24:30,213:INFO:    plotly-resampler: Not installed
2023-07-08 16:24:30,213:INFO:             kaleido: 0.2.1
2023-07-08 16:24:30,214:INFO:           schemdraw: 0.15
2023-07-08 16:24:30,214:INFO:         statsmodels: 0.14.0
2023-07-08 16:24:30,214:INFO:              sktime: 0.20.0
2023-07-08 16:24:30,214:INFO:               tbats: 1.1.3
2023-07-08 16:24:30,214:INFO:            pmdarima: 2.0.3
2023-07-08 16:24:30,215:INFO:              psutil: 5.9.5
2023-07-08 16:24:30,215:INFO:          markupsafe: 2.1.1
2023-07-08 16:24:30,215:INFO:             pickle5: Not installed
2023-07-08 16:24:30,216:INFO:         cloudpickle: 2.2.1
2023-07-08 16:24:30,216:INFO:         deprecation: 2.1.0
2023-07-08 16:24:30,216:INFO:              xxhash: 3.2.0
2023-07-08 16:24:30,216:INFO:           wurlitzer: Not installed
2023-07-08 16:24:30,216:INFO:PyCaret optional dependencies:
2023-07-08 16:24:30,217:INFO:                shap: Not installed
2023-07-08 16:24:30,217:INFO:           interpret: 0.4.2
2023-07-08 16:24:30,217:INFO:                umap: Not installed
2023-07-08 16:24:30,217:INFO:    pandas_profiling: 4.3.1
2023-07-08 16:24:30,218:INFO:  explainerdashboard: Not installed
2023-07-08 16:24:30,218:INFO:             autoviz: Not installed
2023-07-08 16:24:30,218:INFO:           fairlearn: Not installed
2023-07-08 16:24:30,218:INFO:          deepchecks: Not installed
2023-07-08 16:24:30,218:INFO:             xgboost: 1.7.2
2023-07-08 16:24:30,219:INFO:            catboost: Not installed
2023-07-08 16:24:30,219:INFO:              kmodes: Not installed
2023-07-08 16:24:30,219:INFO:             mlxtend: Not installed
2023-07-08 16:24:30,220:INFO:       statsforecast: Not installed
2023-07-08 16:24:30,220:INFO:        tune_sklearn: Not installed
2023-07-08 16:24:30,220:INFO:                 ray: Not installed
2023-07-08 16:24:30,220:INFO:            hyperopt: Not installed
2023-07-08 16:24:30,221:INFO:              optuna: Not installed
2023-07-08 16:24:30,221:INFO:               skopt: Not installed
2023-07-08 16:24:30,221:INFO:              mlflow: Not installed
2023-07-08 16:24:30,221:INFO:              gradio: Not installed
2023-07-08 16:24:30,221:INFO:             fastapi: Not installed
2023-07-08 16:24:30,222:INFO:             uvicorn: Not installed
2023-07-08 16:24:30,222:INFO:              m2cgen: Not installed
2023-07-08 16:24:30,222:INFO:           evidently: Not installed
2023-07-08 16:24:30,222:INFO:               fugue: Not installed
2023-07-08 16:24:30,223:INFO:           streamlit: 1.24.0
2023-07-08 16:24:30,223:INFO:             prophet: Not installed
2023-07-08 16:24:30,223:INFO:None
2023-07-08 16:24:30,223:INFO:Set up data.
2023-07-08 16:24:30,241:INFO:Set up train/test split.
2023-07-08 16:24:30,248:INFO:Set up index.
2023-07-08 16:24:30,249:INFO:Set up folding strategy.
2023-07-08 16:24:30,249:INFO:Assigning column types.
2023-07-08 16:24:30,260:INFO:Engine successfully changes for model 'lr' to 'sklearn'.
2023-07-08 16:24:30,260:INFO:Engine for model 'lasso' has not been set explicitly, hence returning None.
2023-07-08 16:24:30,269:INFO:Engine for model 'ridge' has not been set explicitly, hence returning None.
2023-07-08 16:24:30,281:INFO:Engine for model 'en' has not been set explicitly, hence returning None.
2023-07-08 16:24:30,441:INFO:Engine for model 'svm' has not been set explicitly, hence returning None.
2023-07-08 16:24:30,546:INFO:Engine for model 'knn' has not been set explicitly, hence returning None.
2023-07-08 16:24:30,548:INFO:Soft dependency imported: xgboost: 1.7.2
2023-07-08 16:24:30,554:WARNING:
'catboost' is a soft dependency and not included in the pycaret installation. Please run: `pip install catboost` to install.
Alternately, you can install this by running `pip install pycaret[models]`
2023-07-08 16:24:30,556:INFO:Engine for model 'lasso' has not been set explicitly, hence returning None.
2023-07-08 16:24:30,568:INFO:Engine for model 'ridge' has not been set explicitly, hence returning None.
2023-07-08 16:24:30,581:INFO:Engine for model 'en' has not been set explicitly, hence returning None.
2023-07-08 16:24:30,713:INFO:Engine for model 'svm' has not been set explicitly, hence returning None.
2023-07-08 16:24:30,816:INFO:Engine for model 'knn' has not been set explicitly, hence returning None.
2023-07-08 16:24:30,817:INFO:Soft dependency imported: xgboost: 1.7.2
2023-07-08 16:24:30,822:WARNING:
'catboost' is a soft dependency and not included in the pycaret installation. Please run: `pip install catboost` to install.
Alternately, you can install this by running `pip install pycaret[models]`
2023-07-08 16:24:30,823:INFO:Engine successfully changes for model 'lasso' to 'sklearn'.
2023-07-08 16:24:30,836:INFO:Engine for model 'ridge' has not been set explicitly, hence returning None.
2023-07-08 16:24:30,847:INFO:Engine for model 'en' has not been set explicitly, hence returning None.
2023-07-08 16:24:30,991:INFO:Engine for model 'svm' has not been set explicitly, hence returning None.
2023-07-08 16:24:31,104:INFO:Engine for model 'knn' has not been set explicitly, hence returning None.
2023-07-08 16:24:31,105:INFO:Soft dependency imported: xgboost: 1.7.2
2023-07-08 16:24:31,114:WARNING:
'catboost' is a soft dependency and not included in the pycaret installation. Please run: `pip install catboost` to install.
Alternately, you can install this by running `pip install pycaret[models]`
2023-07-08 16:24:31,128:INFO:Engine for model 'ridge' has not been set explicitly, hence returning None.
2023-07-08 16:24:31,139:INFO:Engine for model 'en' has not been set explicitly, hence returning None.
2023-07-08 16:24:31,286:INFO:Engine for model 'svm' has not been set explicitly, hence returning None.
2023-07-08 16:24:31,369:INFO:Engine for model 'knn' has not been set explicitly, hence returning None.
2023-07-08 16:24:31,370:INFO:Soft dependency imported: xgboost: 1.7.2
2023-07-08 16:24:31,375:WARNING:
'catboost' is a soft dependency and not included in the pycaret installation. Please run: `pip install catboost` to install.
Alternately, you can install this by running `pip install pycaret[models]`
2023-07-08 16:24:31,375:INFO:Engine successfully changes for model 'ridge' to 'sklearn'.
2023-07-08 16:24:31,401:INFO:Engine for model 'en' has not been set explicitly, hence returning None.
2023-07-08 16:24:31,511:INFO:Engine for model 'svm' has not been set explicitly, hence returning None.
2023-07-08 16:24:31,608:INFO:Engine for model 'knn' has not been set explicitly, hence returning None.
2023-07-08 16:24:31,608:INFO:Soft dependency imported: xgboost: 1.7.2
2023-07-08 16:24:31,613:WARNING:
'catboost' is a soft dependency and not included in the pycaret installation. Please run: `pip install catboost` to install.
Alternately, you can install this by running `pip install pycaret[models]`
2023-07-08 16:24:31,633:INFO:Engine for model 'en' has not been set explicitly, hence returning None.
2023-07-08 16:24:31,761:INFO:Engine for model 'svm' has not been set explicitly, hence returning None.
2023-07-08 16:24:31,844:INFO:Engine for model 'knn' has not been set explicitly, hence returning None.
2023-07-08 16:24:31,845:INFO:Soft dependency imported: xgboost: 1.7.2
2023-07-08 16:24:31,850:WARNING:
'catboost' is a soft dependency and not included in the pycaret installation. Please run: `pip install catboost` to install.
Alternately, you can install this by running `pip install pycaret[models]`
2023-07-08 16:24:31,851:INFO:Engine successfully changes for model 'en' to 'sklearn'.
2023-07-08 16:24:31,993:INFO:Engine for model 'svm' has not been set explicitly, hence returning None.
2023-07-08 16:24:32,080:INFO:Engine for model 'knn' has not been set explicitly, hence returning None.
2023-07-08 16:24:32,082:INFO:Soft dependency imported: xgboost: 1.7.2
2023-07-08 16:24:32,087:WARNING:
'catboost' is a soft dependency and not included in the pycaret installation. Please run: `pip install catboost` to install.
Alternately, you can install this by running `pip install pycaret[models]`
2023-07-08 16:24:32,209:INFO:Engine for model 'svm' has not been set explicitly, hence returning None.
2023-07-08 16:24:32,303:INFO:Engine for model 'knn' has not been set explicitly, hence returning None.
2023-07-08 16:24:32,304:INFO:Soft dependency imported: xgboost: 1.7.2
2023-07-08 16:24:32,309:WARNING:
'catboost' is a soft dependency and not included in the pycaret installation. Please run: `pip install catboost` to install.
Alternately, you can install this by running `pip install pycaret[models]`
2023-07-08 16:24:32,310:INFO:Engine successfully changes for model 'knn' to 'sklearn'.
2023-07-08 16:24:32,464:INFO:Engine for model 'svm' has not been set explicitly, hence returning None.
2023-07-08 16:24:32,576:INFO:Soft dependency imported: xgboost: 1.7.2
2023-07-08 16:24:32,582:WARNING:
'catboost' is a soft dependency and not included in the pycaret installation. Please run: `pip install catboost` to install.
Alternately, you can install this by running `pip install pycaret[models]`
2023-07-08 16:24:32,812:INFO:Engine for model 'svm' has not been set explicitly, hence returning None.
2023-07-08 16:24:32,917:INFO:Soft dependency imported: xgboost: 1.7.2
2023-07-08 16:24:32,923:WARNING:
'catboost' is a soft dependency and not included in the pycaret installation. Please run: `pip install catboost` to install.
Alternately, you can install this by running `pip install pycaret[models]`
2023-07-08 16:24:32,924:INFO:Engine successfully changes for model 'svm' to 'sklearn'.
2023-07-08 16:24:33,207:INFO:Soft dependency imported: xgboost: 1.7.2
2023-07-08 16:24:33,221:WARNING:
'catboost' is a soft dependency and not included in the pycaret installation. Please run: `pip install catboost` to install.
Alternately, you can install this by running `pip install pycaret[models]`
2023-07-08 16:24:33,481:INFO:Soft dependency imported: xgboost: 1.7.2
2023-07-08 16:24:33,487:WARNING:
'catboost' is a soft dependency and not included in the pycaret installation. Please run: `pip install catboost` to install.
Alternately, you can install this by running `pip install pycaret[models]`
2023-07-08 16:24:33,489:INFO:Preparing preprocessing pipeline...
2023-07-08 16:24:33,489:INFO:Set up simple imputation.
2023-07-08 16:24:33,491:INFO:Set up column name cleaning.
2023-07-08 16:24:33,548:INFO:Finished creating preprocessing pipeline.
2023-07-08 16:24:33,556:INFO:Pipeline: Pipeline(memory=FastMemory(location=C:\Users\imvee\AppData\Local\Temp\joblib),
         steps=[('numerical_imputer',
                 TransformerWrapper(include=['fixed acidity',
                                             'volatile acidity', 'citric acid',
                                             'residual sugar', 'chlorides',
                                             'free sulfur dioxide',
                                             'total sulfur dioxide', 'density',
                                             'pH', 'sulphates', 'alcohol'],
                                    transformer=SimpleImputer())),
                ('categorical_imputer',
                 TransformerWrapper(include=[],
                                    transformer=SimpleImputer(strategy='most_frequent'))),
                ('clean_column_names',
                 TransformerWrapper(transformer=CleanColumnNames()))])
2023-07-08 16:24:33,556:INFO:Creating final display dataframe.
2023-07-08 16:24:33,752:INFO:Setup _display_container:                     Description             Value
0                    Session id              8972
1                        Target           quality
2                   Target type        Regression
3           Original data shape        (1599, 12)
4        Transformed data shape        (1599, 12)
5   Transformed train set shape        (1119, 12)
6    Transformed test set shape         (480, 12)
7              Numeric features                11
8                    Preprocess              True
9               Imputation type            simple
10           Numeric imputation              mean
11       Categorical imputation              mode
12               Fold Generator             KFold
13                  Fold Number                10
14                     CPU Jobs                -1
15                      Use GPU             False
16               Log Experiment             False
17              Experiment Name  reg-default-name
18                          USI              9be9
2023-07-08 16:24:33,756:INFO:                    Description             Value
2023-07-08 16:24:33,756:INFO:0                    Session id              8972
2023-07-08 16:24:33,756:INFO:1                        Target           quality
2023-07-08 16:24:33,756:INFO:2                   Target type        Regression
2023-07-08 16:24:33,756:INFO:3           Original data shape        (1599, 12)
2023-07-08 16:24:33,756:INFO:4        Transformed data shape        (1599, 12)
2023-07-08 16:24:33,756:INFO:5   Transformed train set shape        (1119, 12)
2023-07-08 16:24:33,756:INFO:6    Transformed test set shape         (480, 12)
2023-07-08 16:24:33,756:INFO:7              Numeric features                11
2023-07-08 16:24:33,756:INFO:8                    Preprocess              True
2023-07-08 16:24:33,756:INFO:9               Imputation type            simple
2023-07-08 16:24:33,756:INFO:10           Numeric imputation              mean
2023-07-08 16:24:33,757:INFO:11       Categorical imputation              mode
2023-07-08 16:24:33,757:INFO:12               Fold Generator             KFold
2023-07-08 16:24:33,757:INFO:13                  Fold Number                10
2023-07-08 16:24:33,757:INFO:14                     CPU Jobs                -1
2023-07-08 16:24:33,757:INFO:15                      Use GPU             False
2023-07-08 16:24:33,757:INFO:16               Log Experiment             False
2023-07-08 16:24:33,757:INFO:17              Experiment Name  reg-default-name
2023-07-08 16:24:33,757:INFO:18                          USI              9be9
2023-07-08 16:24:34,055:INFO:Soft dependency imported: xgboost: 1.7.2
2023-07-08 16:24:34,062:WARNING:
'catboost' is a soft dependency and not included in the pycaret installation. Please run: `pip install catboost` to install.
Alternately, you can install this by running `pip install pycaret[models]`
2023-07-08 16:24:34,361:INFO:Soft dependency imported: xgboost: 1.7.2
2023-07-08 16:24:34,367:WARNING:
'catboost' is a soft dependency and not included in the pycaret installation. Please run: `pip install catboost` to install.
Alternately, you can install this by running `pip install pycaret[models]`
2023-07-08 16:24:34,369:INFO:setup() successfully completed in 4.2s...............
2023-07-08 16:24:34,406:INFO:Initializing compare_models()
2023-07-08 16:24:34,407:INFO:compare_models(self=<pycaret.regression.oop.RegressionExperiment object at 0x000001BCE6B77A60>, include=None, fold=None, round=4, cross_validation=True, sort=R2, n_select=1, budget_time=None, turbo=True, errors=ignore, fit_kwargs=None, groups=None, experiment_custom_tags=None, probability_threshold=None, verbose=True, parallel=None, caller_params={'self': <pycaret.regression.oop.RegressionExperiment object at 0x000001BCE6B77A60>, 'include': None, 'exclude': None, 'fold': None, 'round': 4, 'cross_validation': True, 'sort': 'R2', 'n_select': 1, 'budget_time': None, 'turbo': True, 'errors': 'ignore', 'fit_kwargs': None, 'groups': None, 'experiment_custom_tags': None, 'engine': None, 'verbose': True, 'parallel': None, '__class__': <class 'pycaret.regression.oop.RegressionExperiment'>}, exclude=None)
2023-07-08 16:24:34,407:INFO:Checking exceptions
2023-07-08 16:24:34,413:INFO:Preparing display monitor
2023-07-08 16:24:34,417:WARNING:
2023-07-08 16:24:34,418:WARNING:Processing:   0%|                                     | 0/81 [00:00<?, ?it/s]
2023-07-08 16:24:34,418:WARNING:[A
2023-07-08 16:24:34,419:INFO:Initializing Linear Regression
2023-07-08 16:24:34,419:INFO:Total runtime is 0.0 minutes
2023-07-08 16:24:34,420:INFO:SubProcess create_model() called ==================================
2023-07-08 16:24:34,420:INFO:Initializing create_model()
2023-07-08 16:24:34,421:INFO:create_model(self=<pycaret.regression.oop.RegressionExperiment object at 0x000001BCE6B77A60>, estimator=lr, fold=KFold(n_splits=10, random_state=None, shuffle=False), round=4, cross_validation=True, predict=True, fit_kwargs={}, groups=None, refit=False, probability_threshold=None, experiment_custom_tags=None, verbose=False, system=False, add_to_model_list=True, metrics=None, display=<pycaret.internal.display.display.CommonDisplay object at 0x000001BCE60305E0>, model_only=True, return_train_score=False, kwargs={})
2023-07-08 16:24:34,421:INFO:Checking exceptions
2023-07-08 16:24:34,421:INFO:Importing libraries
2023-07-08 16:24:34,421:INFO:Copying training dataset
2023-07-08 16:24:34,432:INFO:Defining folds
2023-07-08 16:24:34,433:INFO:Declaring metric variables
2023-07-08 16:24:34,434:INFO:Importing untrained model
2023-07-08 16:24:34,435:INFO:Linear Regression Imported successfully
2023-07-08 16:24:34,435:INFO:Starting cross validation
2023-07-08 16:24:34,437:INFO:Cross validating with KFold(n_splits=10, random_state=None, shuffle=False), n_jobs=-1
